<?xml version="1.0" encoding="utf-8"?><testsuites name="pytest tests"><testsuite name="pytest" errors="0" failures="0" skipped="0" tests="12" time="0.042" timestamp="2026-07-31T23:51:25.312695+05:30" hostname="LAPTOP-JL0RE2U1"><testcase classname="test_calculator" name="test_add" time="0.001" /><testcase classname="test_calculator" name="test_add_negative" time="0.000" /><testcase classname="test_calculator" name="test_subtract" time="0.000" /><testcase classname="test_calculator" name="test_subtract_negative" time="0.000" /><testcase classname="test_calculator" name="test_multiply" time="0.000" /><testcase classname="test_calculator" name="test_multiply_zero" time="0.000" /><testcase classname="test_calculator" name="test_divide" time="0.000" /><testcase classname="test_calculator" name="test_divide_float" time="0.001" /><testcase classname="test_calculator" name="test_divide_by_zero" time="0.000" /><testcase classname="test_calculator" name="test_even" time="0.000" /><testcase classname="test_calculator" name="test_odd" time="0.000" /><testcase classname="test_calculator" name="test_square" time="0.000" /></testsuite></testsuites>